bezoeker@speeltuin.nl;Speeltuin;2019-04-21 03:33:23pmbezoeker@speeltuin.nl;;2019-04-21 03:35:48pmbezoeker@speeltuin.nl;;2019-04-21 03:36:57pmbezoeker@speeltuin.nl;;2019-04-21 03:38:03pm/nbezoeker@speeltuin.nl;;2019-04-21 03:38:36pm\n\nbezoeker@speeltuin.nl;;2019-04-21 03:40:43pmbezoeker@speeltuin.nl;;2019-04-21 03:41:57pm
bezoeker@speeltuin.nl;;2019-04-21 03:42:26pm
bezoeker@speeltuin.nl;;2019-04-21 04:31:53pm
bezoeker@speeltuin.nl;Speeltuin;2019-04-21 05:25:52pm
;;2019-04-21 05:32:12pm
bezoeker@speeltuin.nl;;2019-04-21 05:34:21pm
bezoeker@speeltuin.nl;;2019-04-21 05:37:28pm
bezoeker@speeltuin.nl;Bargerbos;2019-04-22 03:21:01pm
bezoeker@speeltuin.nl;Speeltuin;2019-04-22 03:21:30pm
bezoeker@speeltuin.nl;Bargerbos;2019-04-22 03:21:37pm
bezoeker@speeltuin.nl;Bargerbos;2019-04-22 03:22:01pm
bezoeker@speeltuin.nl;Speeltuin;2019-04-22 03:22:59pm
bezoeker@speeltuin.nl;Speeltuin;2019-05-08 09:39:29am
bezoeker@speeltuin.nl;Speeltuin;2019-12-13 06:31:27pm
bezoeker@speeltuin.nl;Speeltuin;2019-12-13 07:17:06pm
bezoeker@speeltuin.nl;Speeltuin;2019-12-20 04:45:16pm
bezoeker@speeltuin.nl;Speeltuin;2020-03-14 04:30:29pm
beheerder@eland.nl;testterrein;2020-03-14 04:43:24pm
beheerder@eland.nl;;2020-03-14 05:04:18pm
beheerder@eland.nl;testterrein;2020-03-14 05:07:02pm
beheerder@eland.nl;testterrein;2020-03-14 06:57:17pm
bezoeker@speeltuin.nl;Speeltuin;2020-03-14 07:04:47pm
beheerder@eland.nl;testterrein;2020-03-14 07:12:53pm
beheerder@eland.nl;testterrein2;2020-03-14 07:16:54pm
beheerder@eland.nl;testterrein2;2020-03-21 02:11:55pm
beheerder@eland.nl;Dijnselburg;2020-03-22 02:15:33pm
bezoeker@speeltuin.nl;Speeltuin;2020-04-11 03:53:21pm
bezoeker@speeltuin.nl;Speeltuin;2020-04-13 09:42:47am
bezoeker@speeltuin.nl;Speeltuin;2020-04-13 12:55:18pm
bezoeker@speeltuin.nl;Speeltuin;2020-04-15 06:03:59pm
bezoeker@speeltuin.nl;Speeltuin;2020-04-15 08:21:59pm
bezoeker@speeltuin.nl;Speeltuin;2020-04-22 04:27:52pm
bezoeker@speeltuin.nl;Speeltuin;2020-04-23 05:03:40pm
bezoeker@speeltuin.nl;Speeltuin;2020-04-25 03:45:45pm
bezoeker@speeltuin.nl;;2020-05-04 05:35:16pm
bezoeker@speeltuin.nl;Speeltuin;2020-05-04 05:42:03pm
bezoeker@speeltuin.nl;Speeltuin;2020-05-04 07:20:01pm
bezoeker@speeltuin.nl;Speeltuin;2020-05-04 07:24:48pm
bezoeker@speeltuin.nl;Speeltuin;2020-05-04 07:28:50pm
bezoeker@speeltuin.nl;Speeltuin;2020-05-04 07:31:03pm
bezoeker@speeltuin.nl;Speeltuin;2020-05-04 07:32:28pm
bezoeker@speeltuin.nl;Speeltuin;2020-05-04 07:36:41pm
bezoeker@speeltuin.nl;Speeltuin;2020-05-04 07:42:12pm
bezoeker@speeltuin.nl;Speeltuin;2020-05-04 07:43:07pm
bezoeker@speeltuin.nl;Speeltuin;2020-05-04 07:44:59pm
bezoeker@speeltuin.nl;Speeltuin;2020-05-04 07:46:08pm
bezoeker@speeltuin.nl;Speeltuin;2020-05-04 07:46:28pm
bezoeker@speeltuin.nl;Speeltuin;2020-05-04 07:48:28pm
bezoeker@speeltuin.nl;Speeltuin;2020-05-04 07:50:09pm
bezoeker@speeltuin.nl;Speeltuin;2020-05-04 07:54:44pm
bezoeker@speeltuin.nl;Speeltuin;2020-05-04 07:55:23pm
bezoeker@speeltuin.nl;Speeltuin;2020-05-04 08:25:10pm
bezoeker@speeltuin.nl;Speeltuin;2020-05-04 08:31:04pm
bezoeker@speeltuin.nl;Speeltuin;2020-05-04 08:32:05pm
bezoeker@speeltuin.nl;Speeltuin;2020-05-04 08:35:18pm
bezoeker@speeltuin.nl;Speeltuin;2020-05-04 08:35:43pm
bezoeker@speeltuin.nl;Speeltuin;2020-05-04 08:36:34pm
bezoeker@speeltuin.nl;Speeltuin;2020-05-04 08:41:31pm
bezoeker@speeltuin.nl;Speeltuin;2020-05-04 08:42:58pm
bezoeker@speeltuin.nl;Speeltuin;2020-05-04 08:44:31pm
bezoeker@speeltuin.nl;Speeltuin;2020-05-04 08:46:28pm
bezoeker@speeltuin.nl;Speeltuin;2020-05-04 08:46:44pm
bezoeker@speeltuin.nl;Speeltuin;2020-05-04 08:47:50pm
bezoeker@speeltuin.nl;Speeltuin;2020-05-04 08:51:56pm
bezoeker@speeltuin.nl;Speeltuin;2020-05-04 08:53:54pm
bezoeker@speeltuin.nl;Speeltuin;2020-05-04 08:54:33pm
bezoeker@speeltuin.nl;Speeltuin;2020-05-04 08:58:44pm
bezoeker@speeltuin.nl;Speeltuin;2020-05-05 05:22:38pm
bezoeker@speeltuin.nl;Speeltuin;2020-05-05 05:23:24pm
bezoeker@speeltuin.nl;Speeltuin;2020-05-05 05:24:30pm
bezoeker@speeltuin.nl;Speeltuin;2020-05-05 05:24:42pm
bezoeker@speeltuin.nl;Speeltuin;2020-05-05 05:27:48pm
bezoeker@speeltuin.nl;Speeltuin;2020-05-05 05:29:39pm
bezoeker@speeltuin.nl;Speeltuin;2020-05-05 05:31:27pm
bezoeker@speeltuin.nl;Speeltuin;2020-05-05 05:31:51pm
bezoeker@speeltuin.nl;Speeltuin;2020-05-05 05:33:10pm
bezoeker@speeltuin.nl;Speeltuin;2020-05-05 05:34:07pm
bezoeker@speeltuin.nl;Speeltuin;2020-05-05 05:34:55pm
bezoeker@speeltuin.nl;Speeltuin;2020-05-05 05:43:08pm
bezoeker@speeltuin.nl;Speeltuin;2020-05-07 04:46:30pm
bezoeker@speeltuin.nl;Speeltuin;2020-05-08 04:12:41pm
bezoeker@speeltuin.nl;Speeltuin;2020-05-08 04:15:01pm
bezoeker@speeltuin.nl;Speeltuin;2020-05-08 04:19:02pm
bezoeker@speeltuin.nl;Speeltuin;2020-05-08 04:22:42pm
bezoeker@speeltuin.nl;Speeltuin;2020-05-08 04:56:35pm
bezoeker@speeltuin.nl;Speeltuin;2020-05-08 05:00:17pm
bezoeker@speeltuin.nl;Speeltuin;2020-05-08 05:02:04pm
bezoeker@speeltuin.nl;Speeltuin;2020-05-08 05:02:55pm
bezoeker@speeltuin.nl;Speeltuin;2020-05-08 08:33:12pm
bezoeker@speeltuin.nl;Speeltuin;2020-05-08 08:45:35pm
bezoeker@speeltuin.nl;Speeltuin;2020-05-10 02:34:40pm
bezoeker@speeltuin.nl;Speeltuin;2020-05-10 02:52:23pm
bezoeker@speeltuin.nl;Speeltuin;2020-05-10 03:16:05pm
bezoeker@speeltuin.nl;Speeltuin;2020-05-10 03:17:31pm
bezoeker@speeltuin.nl;Speeltuin;2020-05-10 03:20:09pm
bezoeker@speeltuin.nl;Speeltuin;2020-05-10 03:39:51pm
bezoeker@speeltuin.nl;Speeltuin;2020-05-10 04:10:25pm
bezoeker@speeltuin.nl;Speeltuin;2020-05-10 04:35:33pm
bezoeker@speeltuin.nl;Speeltuin;2020-05-12 04:53:54pm
bezoeker@speeltuin.nl;Speeltuin;2020-05-12 07:57:37pm
bezoeker@speeltuin.nl;Speeltuin;2020-05-12 08:13:19pm
bezoeker@speeltuin.nl;Speeltuin;2020-05-15 07:25:45pm
bezoeker@speeltuin.nl;Speeltuin;2020-05-19 07:04:00pm
bezoeker@speeltuin.nl;Speeltuin;2020-05-21 03:33:53pm
bezoeker@speeltuin.nl;Speeltuin;2020-05-31 02:32:08pm
bezoeker@speeltuin.nl;Speeltuin;2020-06-01 12:05:18pm
bezoeker@speeltuin.nl;Speeltuin;2020-06-01 02:14:24pm
bezoeker@speeltuin.nl;Speeltuin;2020-06-01 05:22:03pm
bezoeker@speeltuin.nl;Speeltuin;2020-06-02 04:42:03pm
bezoeker@speeltuin.nl;Speeltuin;2020-06-02 06:55:05pm
bezoeker@speeltuin.nl;Speeltuin;2020-06-03 04:28:19pm
bezoeker@speeltuin.nl;Speeltuin;2020-06-03 06:28:13pm
bezoeker@speeltuin.nl;Speeltuin;2020-06-04 04:51:22pm
bezoeker@speeltuin.nl;Speeltuin;2020-06-04 07:01:33pm
bezoeker@speeltuin.nl;Speeltuin;2020-06-07 04:40:06pm
bezoeker@speeltuin.nl;Speeltuin;2020-06-09 06:47:02pm
bezoeker@speeltuin.nl;Speeltuin;2020-06-10 04:34:40pm
bezoeker@speeltuin.nl;Speeltuin;2020-06-10 06:01:58pm
bezoeker@speeltuin.nl;Speeltuin;2020-06-10 06:11:17pm
bezoeker@speeltuin.nl;Speeltuin;2020-06-10 07:21:28pm
bezoeker@speeltuin.nl;Speeltuin;2020-06-10 07:57:25pm
bezoeker@speeltuin.nl;Speeltuin;2020-06-10 08:37:28pm
bezoeker@speeltuin.nl;Speeltuin;2020-08-18 12:04:28pm
bezoeker@speeltuin.nl;Speeltuin;2020-08-18 01:10:26pm
bezoeker@speeltuin.nl;Speeltuin;2020-08-18 07:46:35pm
bezoeker@speeltuin.nl;Speeltuin;2020-08-18 08:46:06pm
bezoeker@speeltuin.nl;Speeltuin;2020-08-20 02:35:09pm
bezoeker@speeltuin.nl;Speeltuin;2020-08-20 03:51:42pm
bezoeker@speeltuin.nl;Speeltuin;2020-08-21 08:48:32am
bezoeker@speeltuin.nl;Speeltuin;2020-08-21 01:23:43pm
bezoeker@speeltuin.nl;Speeltuin;2020-08-22 04:00:35pm
bezoeker@speeltuin.nl;Speeltuin;2020-08-28 04:27:01pm
bezoeker@speeltuin.nl;Speeltuin;2020-08-28 06:17:15pm
bezoeker@speeltuin.nl;Speeltuin;2020-08-29 11:05:34am
bezoeker@speeltuin.nl;Speeltuin;2020-08-29 04:35:46pm
beheerder@eland.nl;Dijnselburg;2020-08-29 06:34:13pm
beheerder@eland.nl;Dijnselburg;2020-08-31 07:55:08pm
bezoeker@speeltuin.nl;Speeltuin;2020-09-01 04:45:58pm
beheerder@eland.nl;Dijnselburg;2020-09-01 04:52:48pm
beheerder@eland.nl;Dijnselburg;2020-09-01 07:40:41pm
beheerder@eland.nl;Dijnselburg;2020-09-01 07:41:00pm
bezoeker@speeltuin.nl;Speeltuin;2020-09-01 08:12:29pm
beheerder@eland.nl;Dijnselburg;2020-09-06 01:14:10pm
beheerder@eland.nl;Dijnselburg;2020-09-06 01:22:30pm
beheerder@eland.nl;RUIG Amsterdam;2020-09-06 01:38:22pm
beheerder@eland.nl;Thor Zwolle;2020-09-06 01:41:26pm
beheerder@eland.nl;Thor Zwolle;2020-09-06 01:46:54pm
beheerder@eland.nl;Thor Zwolle;2020-09-06 01:47:27pm
beheerder@eland.nl;Thor Zwolle;2020-09-06 01:58:43pm
beheerder@eland.nl;RUIG Amsterdam;2020-09-06 01:58:50pm
beheerder@eland.nl;Thor Zwolle;2020-09-06 01:58:56pm
bezoeker@speeltuin.nl;Speeltuin;2020-09-07 07:37:18pm
bezoeker@speeltuin.nl;Speeltuin;2020-09-07 07:39:32pm
beheerder@eland.nl;Thor Zwolle;2020-09-07 08:14:43pm
bezoeker@speeltuin.nl;Speeltuin;2020-09-08 04:57:24pm
bezoeker@speeltuin.nl;Speeltuin;2020-09-12 04:34:05pm
bezoeker@speeltuin.nl;Speeltuin;2020-10-10 04:48:28pm
beheerder@eland.nl;Dijnselburg;2020-10-10 05:07:17pm
beheerder@eland.nl;Dijnselburg;2020-10-10 07:00:53pm
